   1     2.722786    18.737    18.737
   2     1.983423    36.801    36.801
   3     1.670285    43.064    43.064
   4     1.470214    49.040    49.040
   5     1.352062    52.593    52.593
   6     1.232355    55.825    55.825
   7     1.166735    58.586    58.586
   8     1.015384    63.502    63.502
   9     0.736597    71.481    71.481
  10     0.630505    74.949    74.949
  11     0.570227    75.926    75.926
  12     0.500312    78.687    78.687
  13     0.470153    80.438    80.438
  14     0.424816    82.189    82.189
  15     0.396810    83.384    83.384
  16     0.347429    85.505    85.505
  17     0.312285    86.549    86.549
  18     0.287395    88.047    88.047
  19     0.257948    88.805    88.805
  20     0.225789    90.000    90.000
  21     0.241529    90.017    90.017
  22     0.193890    91.599    91.599
  23     0.168034    92.660    92.660
  24     0.149014    93.838    93.838
  25     0.197127    92.542    93.838
  26     0.141125    94.899    94.899
  27     0.139870    94.747    94.899
  28     0.101959    96.229    96.229
  29     0.087034    96.869    96.869
  30     0.079786    97.172    97.172
  31     0.072961    97.441    97.441
  32     0.061156    97.929    97.929
  33     0.065282    98.013    98.013
  34     0.040935    98.805    98.805
  35     0.031153    98.872    98.872
  36     0.026134    99.343    99.343
  37     0.057218    98.401    99.343
  38     0.051319    98.401    99.343
  39     0.016132    99.461    99.461
  40     0.020590    99.327    99.461
  41     0.069130    97.929    99.461
  42     0.041744    98.788    99.461
  43     0.023655    99.327    99.461
  44     0.006124    99.865    99.865
  45     0.001733    99.983    99.983
  46     0.004160    99.916    99.983
  47     0.001897    99.966    99.983
  48     0.003590    99.865    99.983
  49     0.012383    99.714    99.983
  50     0.076312    97.946    99.983
  51     0.048522    98.586    99.983
  52     0.012931    99.663    99.983
  53     0.007862    99.798    99.983
  54     0.002456    99.949    99.983
  55     0.001258   100.000   100.000
  56     0.000835   100.000   100.000
  57     0.008736    99.781   100.000
  58     0.022737    99.495   100.000
  59     0.019478    99.495   100.000
  60     0.021789    99.461   100.000
  61     0.016911    99.478   100.000
  62     0.009108    99.764   100.000
  63     0.005860    99.865   100.000
  64     0.015363    99.697   100.000
  65     0.002810    99.949   100.000
  66     0.004534    99.882   100.000
  67     0.031475    99.293   100.000
  68     0.004635    99.899   100.000
  69     0.004553    99.916   100.000
  70     0.001226    99.966   100.000
  71     0.003035    99.899   100.000
  72     0.001682    99.966   100.000
  73     0.012816    99.663   100.000
  74     0.010611    99.680   100.000
  75     0.001472    99.983   100.000
  76     0.000640   100.000   100.000
  77     0.000341   100.000   100.000
  78     0.000444   100.000   100.000
  79     0.000297   100.000   100.000
  80     0.000425   100.000   100.000
  81     0.006401    99.848   100.000
  82     0.041042    98.939   100.000
  83     0.012227    99.630   100.000
  84     0.004221    99.882   100.000
  85     0.001480    99.983   100.000
  86     0.000549   100.000   100.000
  87     0.000613   100.000   100.000
  88     0.000699    99.983   100.000
  89     0.000289   100.000   100.000
  90     0.000328   100.000   100.000
  91     0.000606   100.000   100.000
  92     0.000393   100.000   100.000
  93     0.000515   100.000   100.000
  94     0.000547    99.983   100.000
  95     0.000609    99.983   100.000
  96     0.000287   100.000   100.000
  97     0.001214    99.966   100.000
  98     0.002364    99.916   100.000
  99     0.018951    99.630   100.000
 100     0.003931    99.949   100.000
